"../../../Mice/Content/Maps/Mechanic_test_map_BuiltData.uasset" 0
"../../../Mice/Content/BPFogOfWarManager.uasset" 1
"../../../Mice/Content/Selected.uasset" 2
"../../../Mice/Content/M_Selected.uasset" 3
"../../../Mice/Content/Blueprints/LineTest.uasset" 4
"../../../Mice/Content/Blueprints/NewPawn.uasset" 5
"../../../Mice/Content/Blueprints/OverwatchCommand.uasset" 6
"../../../Mice/Content/Blueprints/Buildings/BuildingInfo.uasset" 7
"../../../Engine/Content/EditorBlueprintResources/StandardMacros.uasset" 8
"../../../Engine/Content/Functions/Engine_MaterialFunctions01/Opacity/CameraDepthFade.uasset" 9
"../../../Engine/Content/EngineMaterials/T_Default_Material_Grid_M.uasset" 10
"../../../Engine/Content/EngineMaterials/T_Default_Material_Grid_N.uasset" 11
"../../../Engine/Content/EngineMaterials/WorldGridMaterial.uasset" 12
"../../../Mice/Content/Mesh/box.uasset" 13
"../../../Engine/Content/Functions/Engine_MaterialFunctions01/Gradient/LinearGradient.uasset" 14
"../../../Engine/Content/Functions/Engine_MaterialFunctions01/ImageAdjustment/CheapContrast.uasset" 15
"../../../Engine/Content/Functions/Engine_MaterialFunctions02/Texturing/HeightLerp.uasset" 16
"../../../Mice/Content/Materials/substance/DirtRoad.uasset" 17
"../../../Mice/Content/Materials/substance/DirtRoad_INST.uasset" 18
"../../../Mice/Content/Materials/substance/DirtRoad_INST_height.uasset" 19
"../../../Mice/Content/Materials/substance/DirtRoad_INST_metallic.uasset" 20
"../../../Mice/Content/Materials/substance/DirtRoad_INST_normal.uasset" 21
"../../../Mice/Content/Materials/substance/DirtRoad_INST_roughness.uasset" 22
"../../../Mice/Content/Materials/DirtRoad.uasset" 23
"../../../Mice/Content/Materials/MatLayerBlend_HeightLerp.uasset" 24
"../../../Mice/Content/Materials/puddle.uasset" 25
"../../../Mice/Content/Materials/substance/DirtRoad_MAT.uasset" 26
"../../../Mice/Content/Materials/substance/DirtRoad_MAT_Inst.uasset" 27
"../../../Mice/Content/Mesh/bridge.uasset" 28
"../../../Mice/Content/Mesh/Door.uasset" 29
"../../../Mice/Content/Mesh/fence.uasset" 30
"../../../Mice/Content/Mesh/FenceAntiClockWise.uasset" 31
"../../../Mice/Content/Mesh/FenceClockWise.uasset" 32
"../../../Mice/Content/Mesh/fenceStart.uasset" 33
"../../../Mice/Content/Materials/rIVER.uasset" 34
"../../../Mice/Content/Materials/rIVER_Inst.uasset" 35
"../../../Mice/Content/Mesh/riverBank.uasset" 36
"../../../Mice/Content/Mesh/riverBankAntiClockWise.uasset" 37
"../../../Mice/Content/Mesh/riverBankClockWise.uasset" 38
"../../../Mice/Content/Mesh/roadCurve.uasset" 39
"../../../Mice/Content/Mesh/roadStraight.uasset" 40
"../../../Mice/Content/Mesh/roadTjunction.uasset" 41
"../../../Mice/Content/Materials/substance/birch.uasset" 42
"../../../Mice/Content/Materials/substance/birch_INST.uasset" 43
"../../../Mice/Content/Materials/substance/birch_INST_basecolor.uasset" 44
"../../../Mice/Content/Materials/substance/birch_INST_metallic.uasset" 45
"../../../Mice/Content/Materials/substance/birch_INST_normal.uasset" 46
"../../../Mice/Content/Materials/substance/birch_INST_roughness.uasset" 47
"../../../Mice/Content/Materials/substance/birch_MAT.uasset" 48
"../../../Engine/Content/Functions/Engine_MaterialFunctions01/WorldPositionOffset/SimpleGrassWind.uasset" 49
"../../../Mice/Content/Texture/differenceClouds.uasset" 50
"../../../Mice/Content/Texture/leaves.uasset" 51
"../../../Mice/Content/Materials/leaves.uasset" 52
"../../../Mice/Content/Materials/leaves_Inst.uasset" 53
"../../../Mice/Content/Mesh/tree1.uasset" 54
"../../../Mice/Content/Mesh/tree2.uasset" 55
"../../../Mice/Content/Mesh/tree3.uasset" 56
"../../../Mice/Content/Mesh/Wall.uasset" 57
"../../../Mice/Content/Mesh/Window.uasset" 58
"../../../Mice/Content/Blueprints/Buildings/BuldingData.uasset" 59
"../../../Engine/Content/BasicShapes/BasicShapeMaterial.uasset" 60
"../../../Engine/Content/BasicShapes/Cube.uasset" 61
"../../../Mice/Content/Blueprints/BPGridObject.uasset" 62
"../../../Mice/Content/Blueprints/Tree.uasset" 63
"../../../Mice/Content/Mesh/corner.uasset" 64
"../../../Mice/Content/Blueprints/Buildings/House.uasset" 65
"../../../Engine/Content/EngineMaterials/DefaultMaterial.uasset" 66
"../../../Engine/Content/BasicShapes/Sphere.uasset" 67
"../../../Mice/Content/Blueprints/FogOfWar/TestCharacter.uasset" 68
"../../../Mice/Content/Blueprints/FogOfWar/FOWTest.uasset" 69
"../../../Mice/Content/Blueprints/FogOfWar/postprocessingTest.uasset" 70
"../../../Engine/Content/Functions/Engine_MaterialFunctions02/Utility/MakeFloat4.uasset" 71
"../../../Mice/Content/Blueprints/FogOfWar/FOWParameters.uasset" 72
"../../../Mice/Content/Texture/fur_tex.uasset" 73
"../../../Mice/Content/Blueprints/FogOfWar/Test_Mat.uasset" 74
"../../../Mice/Content/Blueprints/FogOfWar/Test_Mat_Inst.uasset" 75
"../../../Mice/Content/Mesh/character/soldier/characterExport_Skeleton.uasset" 76
"../../../Mice/Content/Mesh/character/soldier/crouch.uasset" 77
"../../../Mice/Content/Mesh/character/soldier/idle.uasset" 78
"../../../Mice/Content/Mesh/character/soldier/standing.uasset" 79
"../../../Mice/Content/Mesh/character/soldier/standingCover_peekStandingCoverLeft.uasset" 80
"../../../Mice/Content/Mesh/character/soldier/standingCover_peekStandingCoverRight.uasset" 81
"../../../Mice/Content/Mesh/character/soldier/standingCover_returnStandingCoverLeft.uasset" 82
"../../../Mice/Content/Mesh/character/soldier/standingCover_returnStandingCoverRight.uasset" 83
"../../../Mice/Content/Mesh/character/soldier/standingCover_StandingCoverLeft.uasset" 84
"../../../Mice/Content/Mesh/character/soldier/walkCycle_peekCrouchCover.uasset" 85
"../../../Mice/Content/Mesh/character/soldier/walkCycle_returnToCover.uasset" 86
"../../../Mice/Content/Mesh/character/soldier/walkCycle_walkcycle.uasset" 87
"../../../Mice/Content/Blueprints/Cover.uasset" 88
"../../../Mice/Content/Mesh/character/soldier/AMBPCharacter.uasset" 89
"../../../Engine/Content/EditorBlueprintResources/ActorMacros.uasset" 90
"../../../Mice/Content/Blueprints/util.uasset" 91
"../../../Mice/Content/plane.uasset" 92
"../../../Mice/Content/Blueprints/BPWorldGrid.uasset" 93
"../../../Mice/Content/Materials/ghost.uasset" 94
"../../../Mice/Content/Materials/Tiles.uasset" 95
"../../../Mice/Content/Mesh/highlight_plane.uasset" 96
"../../../Mice/Content/Blueprints/Player/HighlightTiles.uasset" 97
"../../../Mice/Content/Blueprints/NewMacroLibrary.uasset" 98
"../../../Mice/Content/Blueprints/Player/BPUnitAI.uasset" 99
"../../../Mice/Content/Materials/Emissive.uasset" 100
"../../../Mice/Content/Mesh/pipe.uasset" 101
"../../../Mice/Content/Blueprints/Player/Path.uasset" 102
"../../../Mice/Content/Materials/ghost_Inst.uasset" 103
"../../../Mice/Content/Mesh/character/soldier/characterExport_PhysicsAsset.uasset" 104
"../../../Mice/Content/Mesh/character/soldier/characterExport.uasset" 105
"../../../Mice/Content/Blueprints/Player/Phantom.uasset" 106
"../../../Mice/Content/Blueprints/Player/probabilty_effect.uasset" 107
"../../../Mice/Content/Blueprints/WeaponData/NewCurveBase.uasset" 108
"../../../Mice/Content/Materials/Unit.uasset" 109
"../../../Mice/Content/Materials/Blue.uasset" 110
"../../../Mice/Content/Materials/Red.uasset" 111
"../../../Mice/Content/Blueprints/Player/BPUnit.uasset" 112
"../../../Mice/Content/Blueprints/Player/WalkCommand.uasset" 113
"../../../Mice/Content/Blueprints/Online/BPTurnGameState.uasset" 114
"../../../Engine/Content/BasicShapes/Plane.uasset" 115
"../../../Mice/Content/Blueprints/Player/cursor.uasset" 116
"../../../Mice/Content/Blueprints/Player/OverwatchCommand.uasset" 117
"../../../Mice/Content/Blueprints/Player/ShootCommand.uasset" 118
"../../../Mice/Content/Blueprints/HUD/Enemy.uasset" 119
"../../../Mice/Content/Blueprints/HUD/BPWidget.uasset" 120
"../../../Mice/Content/Blueprints/HUD/GameOver.uasset" 121
"../../../Mice/Content/Blueprints/Player/BPMPlayerController.uasset" 122
"../../../Mice/Content/Blueprints/Online/asgraerg.uasset" 123
"../../../Mice/Content/Blueprints/Player/add.uasset" 124
"../../../Mice/Content/Blueprints/Player/Cover.uasset" 125
"../../../Mice/Content/Blueprints/Player/PlayerSpawnPoint.uasset" 126
"../../../Mice/Content/Blueprints/Player/sub.uasset" 127
"../../../Mice/Content/Blueprints/Player/test.uasset" 128
"../../../Mice/Content/Blueprints/Player/Weapon.uasset" 129
"../../../Mice/Content/Blueprints/WeaponData/WeaponInfo.uasset" 130
"../../../Mice/Content/Materials/DefaultColour.uasset" 131
"../../../Engine/Content/Functions/Engine_MaterialFunctions02/Math/CreateThirdOrthogonalVector.uasset" 132
"../../../Engine/Content/Functions/Engine_MaterialFunctions02/Math/InverseTransformMatrix.uasset" 133
"../../../Engine/Content/Functions/Engine_MaterialFunctions02/Math/TransformToZVector.uasset" 134
"../../../Engine/Content/Functions/Engine_MaterialFunctions02/Utility/CameraDirectionVector.uasset" 135
"../../../Engine/Content/Functions/Engine_MaterialFunctions02/Utility/VectorLength.uasset" 136
"../../../Engine/Content/EngineVolumetrics/Fogsheet/Materials/T_EV_BlankWhite_01.uasset" 137
"../../../Engine/Content/Functions/Engine_MaterialFunctions01/Texturing/ParallaxOcclusionMapping.uasset" 138
"../../../Engine/Content/Functions/Engine_MaterialFunctions02/HueShift.uasset" 139
"../../../Engine/Content/Functions/Engine_MaterialFunctions02/Texturing/ScreenAlignedPixelToPixelUVs.uasset" 140
"../../../Engine/Content/EngineMaterials/Good64x64TilingNoiseHighFreq.uasset" 141
"../../../Engine/Content/Functions/Engine_MaterialFunctions02/Utility/DitherTemporalAA.uasset" 142
"../../../Engine/Content/Functions/Engine_MaterialFunctions03/Procedurals/NormalFromHeightmap.uasset" 143
"../../../Mice/Content/Texture/Height.uasset" 144
"../../../Mice/Content/Materials/Fur.uasset" 145
"../../../Mice/Content/Materials/Fur_Inst.uasset" 146
"../../../Mice/Content/Materials/NewMaterial1.uasset" 147
"../../../Mice/Content/Materials/NewMaterialFunction.uasset" 148
"../../../Engine/Content/Functions/MaterialLayerFunctions/MatLayerBlend_Simple.uasset" 149
"../../../Mice/Content/Materials/base.uasset" 150
"../../../Mice/Content/Materials/fade.uasset" 151
"../../../Mice/Content/Materials/NewMaterial.uasset" 152
"../../../Mice/Content/Materials/NewMaterial_Inst.uasset" 153
"../../../Mice/Content/Materials/PP_Occluded_Outline.uasset" 154
"../../../Mice/Content/Materials/PP_Occluded_Outline_Inst.uasset" 155
"../../../Mice/Content/Materials/Grass/WorldCoords-XY.uasset" 156
"../../../Mice/Content/Materials/substance/DirtRoad_INST_basecolor.uasset" 157
"../../../Mice/Content/Materials/substance/Rusty_Metal_INST_ambientOcclusion.uasset" 158
"../../../Mice/Content/Materials/substance/Rusty_Metal_INST_basecolor.uasset" 159
"../../../Mice/Content/Materials/substance/Rusty_Metal_INST_metallic.uasset" 160
"../../../Mice/Content/Materials/substance/Rusty_Metal_INST_normal.uasset" 161
"../../../Mice/Content/Materials/substance/Rusty_Metal_INST_roughness.uasset" 162
"../../../Mice/Content/Materials/substance/Rusty_Metal_MAT.uasset" 163
"../../../Mice/Content/Materials/substance/Rusty_Metal.uasset" 164
"../../../Mice/Content/Materials/substance/Rusty_Metal_INST.uasset" 165
"../../../Mice/Content/Materials/substance/Rusty_Metal_INST_height.uasset" 166
"../../../Mice/Content/Mesh/roadsquarejunction.uasset" 167
"../../../Mice/Content/Mesh/character/soldier/characterExport_Anim_recamber.uasset" 168
"../../../Mice/Content/Mesh/character/soldier/characterExport_Anim_riflereload.uasset" 169
"../../../Mice/Content/Mesh/character/soldier/characterExport_Anim_run.uasset" 170
"../../../Mice/Content/Mesh/character/soldier/characterExport_Anim_ShootingCoeverCrouch.uasset" 171
"../../../Mice/Content/Mesh/character/soldier/characterExport_Anim_ShootingCoverCrouch.uasset" 172
"../../../Mice/Content/Mesh/character/soldier/characterExport_Anim_shootingCoverStandingLeft.uasset" 173
"../../../Mice/Content/Mesh/character/soldier/characterExport_Anim_shootingCoverStandingRight.uasset" 174
"../../../Mice/Content/Mesh/character/soldier/characterExport_Anim_shootingStandingCoverLeft.uasset" 175
"../../../Mice/Content/Mesh/character/soldier/characterExport_Anim_shootingStandingCoverRight.uasset" 176
"../../../Mice/Content/Mesh/character/soldier/characterExport_Anim_Take_002.uasset" 177
"../../../Mice/Content/Mesh/character/soldier/standingCover_StandingCoverRight.uasset" 178
"../../../Mice/Content/Mesh/character/soldier/walkCycle_endwalkcycle.uasset" 179
"../../../Mice/Content/Mesh/character/soldier/walkCycle_startWalkCycle.uasset" 180
"../../../Mice/Content/Mesh/character/soldier/walkCycle_toCrouchCover.uasset" 181
"../../../Mice/Content/sound/gunShoot.uasset" 182
"../../../Mice/Content/sound/leftfoot.uasset" 183
"../../../Mice/Content/sound/NewBlueprint.uasset" 184
"../../../Mice/Content/sound/rightfoot.uasset" 185
"../../../Mice/Content/Texture/Grass_Wave.uasset" 186
"../../../Engine/Content/BasicShapes/Cone.uasset" 187
"../../../Engine/Content/BasicShapes/Cylinder.uasset" 188
"../../../Engine/Content/EditorLandscapeResources/DataLayer.uasset" 189
"../../../Engine/Content/EditorMaterials/GizmoMaterial.uasset" 190
"../../../Engine/Content/EditorMaterials/MAT_Groups_Toggle.uasset" 191
"../../../Engine/Content/EditorMaterials/MAT_Groups_Visibility.uasset" 192
"../../../Engine/Content/EditorMaterials/PreviewShadowIndicator.uasset" 193
"../../../Engine/Content/EditorMaterials/PreviewShadowIndicatorMaterial.uasset" 194
"../../../Engine/Content/EditorMaterials/MatineeGroups/MAT_ColorTrack.uasset" 195
"../../../Engine/Content/EditorMaterials/MatineeGroups/MAT_Groups_Anim.uasset" 196
"../../../Engine/Content/EditorMaterials/MatineeGroups/MAT_Groups_AudioMaster.uasset" 197
"../../../Engine/Content/EditorMaterials/MatineeGroups/MAT_Groups_Director.uasset" 198
"../../../Engine/Content/EditorMaterials/MatineeGroups/MAT_Groups_Event.uasset" 199
"../../../Engine/Content/EditorMaterials/MatineeGroups/MAT_Groups_Fade.uasset" 200
"../../../Engine/Content/EditorMaterials/MatineeGroups/MAT_Groups_Float.uasset" 201
"../../../Engine/Content/EditorMaterials/MatineeGroups/MAT_Groups_Move.uasset" 202
"../../../Engine/Content/EditorMaterials/MatineeGroups/MAT_Groups_Slomo.uasset" 203
"../../../Engine/Content/EditorMaterials/MatineeGroups/MAT_Groups_Sound.uasset" 204
"../../../Engine/Content/EditorMaterials/MatineeGroups/MAT_Groups_Vector.uasset" 205
"../../../Engine/Content/EditorMaterials/ParticleSystems/PSysThumbnail_NoImage.uasset" 206
"../../../Engine/Content/EditorMaterials/ParticleSystems/PSysThumbnail_OOD.uasset" 207
"../../../Engine/Content/EditorMaterials/Camera/CineMat.uasset" 208
"../../../Engine/Content/EditorMaterials/Camera/MI_CineMat_Rig.uasset" 209
"../../../Engine/Content/EditorMeshes/Camera/SM_CraneRig_Arm.uasset" 210
"../../../Engine/Content/EditorMeshes/Camera/SM_CraneRig_Base.uasset" 211
"../../../Engine/Content/EditorMeshes/Camera/SM_CraneRig_Body.uasset" 212
"../../../Engine/Content/EditorMeshes/Camera/SM_CraneRig_Mount.uasset" 213
"../../../Engine/Content/EditorMeshes/Camera/SM_RailRig_Mount.uasset" 214
"../../../Engine/Content/EditorMeshes/Camera/SM_RailRig_Track.uasset" 215
"../../../Engine/Content/EditorMeshes/ColorCalibrator/M_ChromeBall.uasset" 216
"../../../Engine/Content/EditorMeshes/ColorCalibrator/M_ClearCoat.uasset" 217
"../../../Engine/Content/EditorMeshes/ColorCalibrator/M_ClearCoatBlack.uasset" 218
"../../../Engine/Content/EditorMeshes/ColorCalibrator/Color_checker.uasset" 219
"../../../Engine/Content/EditorMeshes/ColorCalibrator/M_ColorGrid.uasset" 220
"../../../Engine/Content/EditorMeshes/ColorCalibrator/M_GreyBall.uasset" 221
"../../../Engine/Content/EditorMeshes/ColorCalibrator/SM_ColorCalibrator.uasset" 222
"../../../Engine/Content/EditorResources/BSPVertex.uasset" 223
"../../../Engine/Content/EditorResources/EmptyActor.uasset" 224
"../../../Engine/Content/EditorResources/S_Actor.uasset" 225
"../../../Engine/Content/EditorResources/S_Trigger.uasset" 226
"../../../Engine/Content/EditorResources/AudioIcons/S_AudioComponent_AutoActivate.uasset" 227
"../../../Engine/Content/EditorResources/LightIcons/S_LightError.uasset" 228
"../../../Engine/Content/EditorResources/SequenceRecorder/Countdown.uasset" 229
"../../../Engine/Content/EditorResources/SequenceRecorder/RecordingIndicator.uasset" 230
"../../../Engine/Content/EditorSounds/Notifications/CompileFailed.uasset" 231
"../../../Engine/Content/EditorSounds/Notifications/CompileFailed_Cue.uasset" 232
"../../../Engine/Content/EditorSounds/Notifications/CompileSuccess.uasset" 233
"../../../Engine/Content/EditorSounds/Notifications/CompileStart_Cue.uasset" 234
"../../../Engine/Content/EditorSounds/Notifications/CompileSuccess_Cue.uasset" 235
"../../../Engine/Content/EngineDamageTypes/DmgTypeBP_Environmental.uasset" 236
"../../../Engine/Content/EngineDebugMaterials/HeatmapGradient.uasset" 237
"../../../Engine/Content/EngineDebugMaterials/BoneWeightMaterial.uasset" 238
"../../../Engine/Content/EngineDebugMaterials/ClothMaterial.uasset" 239
"../../../Engine/Content/EngineDebugMaterials/ClothMaterial_WF.uasset" 240
"../../../Engine/Content/EngineDebugMaterials/DebugEditorMaterial.uasset" 241
"../../../Engine/Content/EngineDebugMaterials/DebugMeshMaterial.uasset" 242
"../../../Engine/Content/EngineDebugMaterials/GeomMaterial.uasset" 243
"../../../Engine/Content/EngineFonts/Faces/RobotoBold.uasset" 244
"../../../Engine/Content/EngineFonts/Faces/RobotoBoldItalic.uasset" 245
"../../../Engine/Content/EngineFonts/Faces/RobotoItalic.uasset" 246
"../../../Engine/Content/EngineFonts/Faces/RobotoLight.uasset" 247
"../../../Engine/Content/EngineFonts/Faces/RobotoRegular.uasset" 248
"../../../Engine/Content/EngineFonts/Roboto.uasset" 249
"../../../Engine/Content/EngineFonts/Faces/RobotoTiny.uasset" 250
"../../../Engine/Content/EngineFonts/RobotoTiny.uasset" 251
"../../../Engine/Content/EngineMaterials/DefaultBloomKernel.uasset" 252
"../../../Engine/Content/EngineMaterials/DefaultBokeh.uasset" 253
"../../../Engine/Content/EngineMaterials/DefaultDiffuse.uasset" 254
"../../../Engine/Content/EngineMaterials/DefaultDeferredDecalMaterial.uasset" 255
"../../../Engine/Content/EngineMaterials/DefaultLightFunctionMaterial.uasset" 256
"../../../Engine/Content/Functions/Engine_MaterialFunctions02/Utility/BreakOutFloat2Components.uasset" 257
"../../../Engine/Content/EngineMaterials/DefaultPostProcessMaterial.uasset" 258
"../../../Engine/Content/EngineFonts/RobotoDistanceField.uasset" 259
"../../../Engine/Content/EngineMaterials/DefaultTextMaterialOpaque.uasset" 260
"../../../Engine/Content/EngineMaterials/DefaultWhiteGrid.uasset" 261
"../../../Engine/Content/EngineMaterials/EditorBrushMaterial.uasset" 262
"../../../Engine/Content/EngineMaterials/MiniFont.uasset" 263
"../../../Engine/Content/EngineMaterials/InvalidLightmapSettings.uasset" 264
"../../../Engine/Content/EngineMaterials/M_InvalidLightmapSettings.uasset" 265
"../../../Engine/Content/Functions/Engine_MaterialFunctions02/WorldPositionOffset/CameraOffset.uasset" 266
"../../../Engine/Content/EngineMaterials/PhAT_JointLimitMaterial.uasset" 267
"../../../Engine/Content/EngineMaterials/PreintegratedSkinBRDF.uasset" 268
"../../../Engine/Content/EngineMaterials/RemoveSurfaceMaterial.uasset" 269
"../../../Engine/Content/EngineMaterials/WeightMapPlaceholderTexture.uasset" 270
"../../../Engine/Content/EngineResources/WhiteSquareTexture.uasset" 271
"../../../Engine/Content/EngineMaterials/Widget3DPassThrough.uasset" 272
"../../../Engine/Content/EngineMaterials/Widget3DPassThrough_Masked.uasset" 273
"../../../Engine/Content/EngineMaterials/Widget3DPassThrough_Opaque.uasset" 274
"../../../Engine/Content/EngineMaterials/Widget3DPassThrough_Masked_OneSided.uasset" 275
"../../../Engine/Content/EngineMaterials/Widget3DPassThrough_Opaque_OneSided.uasset" 276
"../../../Engine/Content/EngineMaterials/Widget3DPassThrough_Translucent.uasset" 277
"../../../Engine/Content/EngineMaterials/Widget3DPassThrough_Translucent_OneSided.uasset" 278
"../../../Engine/Content/EngineMeshes/Cube.uasset" 279
"../../../Engine/Content/EngineMeshes/Cylinder.uasset" 280
"../../../Engine/Content/EngineMeshes/Sphere.uasset" 281
"../../../Engine/Content/EngineResources/Black.uasset" 282
"../../../Engine/Content/EngineResources/DefaultTexture.uasset" 283
"../../../Engine/Content/EngineResources/DefaultTextureCube.uasset" 284
"../../../Engine/Content/EngineResources/GradientTexture0.uasset" 285
"../../../Engine/Content/EngineSounds/Master.uasset" 286
"../../../Engine/Content/Functions/Engine_MaterialFunctions01/Shading/ConvertFromDiffSpec.uasset" 287
"../../../Engine/Content/Functions/Engine_MaterialFunctions01/Shading/PowerToRoughness.uasset" 288
"../../../Engine/Content/Maps/Templates/Thumbnails/Default.uasset" 289
"../../../Engine/Content/Maps/Templates/Thumbnails/VR-Basic.uasset" 290
"../../../Engine/Content/MobileResources/T_MobileControls_texture.uasset" 291
"../../../Engine/Content/MobileResources/T_MobileMenu2.uasset" 292
"../../../Engine/Content/MobileResources/HUD/AnalogHat.uasset" 293
"../../../Engine/Content/MobileResources/HUD/VirtualJoystick_Background.uasset" 294
"../../../Engine/Content/MobileResources/HUD/VirtualJoystick_Thumb.uasset" 295
"../../../Engine/Content/MobileResources/HUD/DefaultVirtualJoysticks.uasset" 296
"../../../Engine/Content/MobileResources/HUD/LeftVirtualJoystickOnly.uasset" 297
"../../../Engine/Content/MobileResources/HUD/MobileHUDButton1_off.uasset" 298
"../../../Engine/Content/MobileResources/HUD/MobileHUDButton1_on.uasset" 299
"../../../Engine/Content/MobileResources/HUD/MobileHUDButton2_off.uasset" 300
"../../../Engine/Content/MobileResources/HUD/MobileHUDButton2_on.uasset" 301
"../../../Engine/Content/MobileResources/HUD/MobileHUDButton3.uasset" 302
"../../../Engine/Content/MobileResources/HUD/MobileHUDButtonFire.uasset" 303
"../../../Engine/Content/MobileResources/HUD/MobileHUDDirectionPad.uasset" 304
"../../../Engine/Content/MobileResources/HUD/MobileHUDDirectionPad2.uasset" 305
"../../../Engine/Content/MobileResources/HUD/MobileHUDDirectionPad3.uasset" 306
"../../../Engine/Content/MobileResources/HUD/MobileHUDDirectionStick.uasset" 307
"../../../Engine/Content/MobileResources/HUD/T_Castle_ThumbstickInner.uasset" 308
"../../../Engine/Content/MobileResources/HUD/T_Castle_ThumbstickOutter.uasset" 309
"../../../Engine/Content/Tutorial/ContentIntroCurve.uasset" 310
"../../../Engine/Content/Tutorial/Basics/TutorialAssets/icon_tab_Levels_40x.uasset" 311
"../../../Engine/Content/Tutorial/BlueprintTutorials/TutorialAssets/BlueprintInterface_64x.uasset" 312
"../../../Engine/Content/Tutorial/BlueprintTutorials/TutorialAssets/BlueprintMacroLibrary_64x.uasset" 313
"../../../Engine/Content/Tutorial/BlueprintTutorials/TutorialAssets/Blueprint_64x.uasset" 314
"../../../Engine/Content/Tutorial/BlueprintTutorials/TutorialAssets/Tutorial_BP_Interface.uasset" 315
"../../../Engine/Content/Tutorial/Foliage/TutorialAssets/Foliage.uasset" 316
"../../../Engine/Content/Tutorial/Landscape/TutorialAssets/Landscape.uasset" 317
"../../../Engine/Content/Tutorial/Paper2D/TutorialAssets/Paper2DFlipbook_TutorialIcon.uasset" 318
"../../../Engine/Content/Tutorial/Paper2D/TutorialAssets/Paper2DSprite_TutorialIcon.uasset" 319
"../../../Engine/Content/Tutorial/SubEditors/TutorialAssets/icon_Editor_Preferences_General_40x.uasset" 320
"../../../Engine/Content/Tutorial/SubEditors/TutorialAssets/icon_ShowSkeletalMeshes_40x.uasset" 321
"../../../Engine/Content/Tutorial/SubEditors/TutorialAssets/TutorialMaterial.uasset" 322
"../../../Engine/Content/Tutorial/SubEditors/TutorialAssets/T_SmokeSubUV_8X8.uasset" 323
"../../../Engine/Content/Tutorial/SubEditors/TutorialAssets/T_soft_smoke.uasset" 324
"../../../Engine/Content/Tutorial/SubEditors/TutorialAssets/M_smoke_subUV_blackbody.uasset" 325
"../../../Engine/Content/Tutorial/SubEditors/TutorialAssets/TutorialParticleSystem.uasset" 326
"../../../Engine/Content/VREditor/Devices/Generic/GenericHMDMaterial.uasset" 327
"../../../Engine/Content/VREditor/Devices/Generic/GenericHMD.uasset" 328
"../../../Engine/Content/VREditor/FloatingText/LineMaterial.uasset" 329
"../../../Engine/Content/VREditor/FloatingText/JointSphere.uasset" 330
"../../../Engine/Content/VREditor/FloatingText/LineSegmentCylinder.uasset" 331
"../../../Engine/Content/VREditor/Fonts/VRText_RobotoLarge.uasset" 332
"../../../Engine/Content/VREditor/Fonts/VRTextMaterial.uasset" 333
"../../../Engine/Content/VREditor/Fonts/TranslucentVRTextMaterial.uasset" 334
"../../../Engine/Content/VREditor/LaserPointer/CursorPointer.uasset" 335
"../../../Engine/Content/VREditor/LaserPointer/VR_LaserPower_01.uasset" 336
"../../../Engine/Content/VREditor/TransformGizmo/TransformGizmoMaterial.uasset" 337
"../../../Engine/Content/VREditor/LaserPointer/HoverMaterial.uasset" 338
"../../../Engine/Content/VREditor/TransformGizmo/TranslucentTransformGizmoMaterial.uasset" 339
"../../../Engine/Content/VREditor/LaserPointer/TranslucentHoverMaterial.uasset" 340
"../../../Engine/Content/VREditor/LaserPointer/HoverMesh.uasset" 341
"../../../Engine/Content/VREditor/LaserPointer/LaserPointerMaterial.uasset" 342
"../../../Engine/Content/VREditor/LaserPointer/LaserPointerMaterialInst.uasset" 343
"../../../Engine/Content/VREditor/LaserPointer/TranslucentLaserPointerMaterialInst.uasset" 344
"../../../Engine/Content/VREditor/LaserPointer/LaserPointerMesh.uasset" 345
"../../../Engine/Content/VREditor/LaserPointer/LaserPointerMesh_End.uasset" 346
"../../../Engine/Content/VREditor/LaserPointer/LaserPointerMesh_Start.uasset" 347
"../../../Engine/Content/Functions/Engine_MaterialFunctions02/Utility/BreakOutFloat3Components.uasset" 348
"../../../Engine/Content/Functions/Engine_MaterialFunctions02/Math/Transform3x3Matrix.uasset" 349
"../../../Engine/Content/Functions/Engine_MaterialFunctions02/SplitComponents.uasset" 350
"../../../Engine/Content/Functions/Engine_MaterialFunctions02/Utility/MakeFloat3.uasset" 351
"../../../Engine/Content/VREditor/SnapGrid/SnapGridMaterial.uasset" 352
"../../../Engine/Content/VREditor/SnapGrid/SnapGridPlaneMesh.uasset" 353
"../../../Engine/Content/VREditor/Sounds/VR_teleport.uasset" 354
"../../../Engine/Content/VREditor/Sounds/UI/Click_on_Button_Cue.uasset" 355
"../../../Engine/Content/VREditor/Sounds/UI/Dockable_Window_Close.uasset" 356
"../../../Engine/Content/VREditor/Sounds/UI/Dockable_Window_Drop.uasset" 357
"../../../Engine/Content/VREditor/Sounds/UI/Dockable_Window_Open.uasset" 358
"../../../Engine/Content/VREditor/Sounds/UI/Dockable_Window_Pick_Up.uasset" 359
"../../../Engine/Content/VREditor/Sounds/UI/Drop_Item_From_ContentBrowser.uasset" 360
"../../../Engine/Content/VREditor/Sounds/UI/Floating_UI_Open-001.uasset" 361
"../../../Engine/Content/VREditor/Sounds/UI/Gizmo_Handle_Clicked.uasset" 362
"../../../Engine/Content/VREditor/Sounds/UI/Object_PickUp.uasset" 363
"../../../Engine/Content/VREditor/Sounds/UI/Object_Snaps_To_Another_Actor.uasset" 364
"../../../Engine/Content/VREditor/Sounds/UI/Object_Snaps_To_Grid.uasset" 365
"../../../Engine/Content/VREditor/Sounds/UI/Radial_Menu_FadeOut.uasset" 366
"../../../Engine/Content/VREditor/Sounds/UI/Scaling_Down.uasset" 367
"../../../Engine/Content/VREditor/Sounds/UI/Scaling_Up.uasset" 368
"../../../Engine/Content/VREditor/Sounds/UI/Selection_Changes.uasset" 369
"../../../Engine/Content/VREditor/Sounds/UI/Teleport_Mode_Entered.uasset" 370
"../../../Engine/Content/VREditor/Teleport/TeleportDirectionMaterial.uasset" 371
"../../../Engine/Content/VREditor/Teleport/TeleportDirectionMaterial_Inst.uasset" 372
"../../../Engine/Content/VREditor/Teleport/TeleportDirectionMesh.uasset" 373
"../../../Engine/Content/VREditor/TransformGizmo/BoundingBoxCorner.uasset" 374
"../../../Engine/Content/VREditor/TransformGizmo/BoundingBoxEdge.uasset" 375
"../../../Engine/Content/VREditor/TransformGizmo/PlaneTranslationHandle.uasset" 376
"../../../Engine/Content/VREditor/TransformGizmo/RotationHandleFull.uasset" 377
"../../../Engine/Content/VREditor/TransformGizmo/RotationHandleIndicator.uasset" 378
"../../../Engine/Content/VREditor/TransformGizmo/RotationHandleQuarter.uasset" 379
"../../../Engine/Content/VREditor/TransformGizmo/Main.uasset" 380
"../../../Engine/Content/VREditor/TransformGizmo/Xray.uasset" 381
"../../../Engine/Content/VREditor/TransformGizmo/SM_Dialog_Close.uasset" 382
"../../../Engine/Content/VREditor/TransformGizmo/SM_Dialog_Move.uasset" 383
"../../../Engine/Content/VREditor/TransformGizmo/SM_Sequencer_Key.uasset" 384
"../../../Engine/Content/VREditor/TransformGizmo/SM_Sequencer_Node.uasset" 385
"../../../Engine/Content/VREditor/TransformGizmo/StartRotationHandleIndicator.uasset" 386
"../../../Engine/Content/VREditor/TransformGizmo/TranslucentTransformGizmoMaterial_Inst.uasset" 387
"../../../Engine/Content/VREditor/TransformGizmo/TransformGizmoFreeRotation.uasset" 388
"../../../Engine/Content/VREditor/TransformGizmo/TransformGizmoMaterial_Inst.uasset" 389
"../../../Engine/Content/VREditor/TransformGizmo/TranslateArrowHandle.uasset" 390
"../../../Engine/Content/VREditor/TransformGizmo/UniformScaleHandle.uasset" 391
"../../../Engine/Content/VREditor/UI/KeyDiskMaterial.uasset" 392
"../../../Engine/Content/VREditor/UI/DiscMaterial.uasset" 393
"../../../Engine/Content/VREditor/UI/SM_Radial_Disk.uasset" 394
"../../../Engine/Content/Functions/Engine_MaterialFunctions01/Gradient/RadialGradient.uasset" 395
"../../../Engine/Content/VREditor/WorldMovementGrid/SimpleGrid.uasset" 396
"../../../Engine/Content/VREditor/WorldMovementGrid/GridMaterial.uasset" 397
"../../../Engine/Content/Functions/Engine_MaterialFunctions01/Density/ExponentialDensity.uasset" 398
"../../../Engine/Content/VREditor/WorldMovementGrid/GridPostProcess.uasset" 399
"../../../Engine/Content/EditorLandscapeResources/FlattenHeightMat.uasset" 400
"../../../Engine/Content/VREditor/WorldMovementGrid/PlaneMesh.uasset" 401
"../../../Engine/Plugins/2D/Paper2D/Content/PlaceholderTextures/DummySpriteTexture.uasset" 402
"../../../Engine/Plugins/2D/Paper2D/Content/DummySprite.uasset" 403
"../../../Engine/Plugins/2D/Paper2D/Content/DefaultPaperTerrainMaterial.uasset" 404
"../../../Engine/Plugins/2D/Paper2D/Content/DefaultSpriteMaterial.uasset" 405
"../../../Engine/Plugins/2D/Paper2D/Content/MaskedUnlitSpriteMaterial.uasset" 406
"../../../Engine/Plugins/2D/Paper2D/Content/OpaqueUnlitSpriteMaterial.uasset" 407
"../../../Engine/Plugins/Media/MediaCompositing/Content/DefaultMediaPlaneMaterial.uasset" 408
"../../../Engine/Plugins/Runtime/AppleARKit/Content/ARKitCameraMaterial.uasset" 409
"../../../Engine/Plugins/Runtime/Oculus/OculusVR/Content/Textures/GearVRController_AO.uasset" 410
"../../../Engine/Plugins/Runtime/Oculus/OculusVR/Content/Textures/GearVRController_Color.uasset" 411
"../../../Engine/Plugins/Runtime/Oculus/OculusVR/Content/Textures/GearVRController_Normal.uasset" 412
"../../../Engine/Plugins/Runtime/Oculus/OculusVR/Content/Materials/GearVRControllerMaterial.uasset" 413
"../../../Engine/Plugins/Runtime/Oculus/OculusVR/Content/Meshes/GearVrController.uasset" 414
"../../../Mice/Content/sound/bird1.uasset" 415
"../../../Mice/Content/sound/bird2.uasset" 416
"../../../Mice/Content/sound/SCBirds2.uasset" 417
"../../../Mice/Content/sound/DelayedSpeaker.uasset" 418
"../../../Engine/Content/EngineSky/C_Sky_Cloud_Color.uasset" 419
"../../../Engine/Content/EngineSky/C_Sky_Horizon_Color.uasset" 420
"../../../Engine/Content/EngineSky/C_Sky_Zenith_Color.uasset" 421
"../../../Engine/Content/EngineSky/T_Sky_Blue.uasset" 422
"../../../Engine/Content/EngineSky/T_Sky_Clouds_M.uasset" 423
"../../../Engine/Content/EngineSky/T_Sky_Stars.uasset" 424
"../../../Engine/Content/EngineSky/M_Sky_Panning_Clouds2.uasset" 425
"../../../Engine/Content/EngineSky/SM_SkySphere.uasset" 426
"../../../Engine/Content/EngineSky/BP_Sky_Sphere.uasset" 427
"../../../Mice/Content/Blueprints/SandboxGamemode.uasset" 428
"../../../Mice/Content/sound/birds2.uasset" 429
"../../../Mice/Content/sound/water.uasset" 430
"../../../Mice/Content/Maps/audioTest.umap" 431
"../../../Mice/Content/Blueprints/Player/BPUnitSpawn.uasset" 432
"../../../Mice/Content/Blueprints/Dir.uasset" 433
"../../../Mice/Content/Blueprints/BPGridArray.uasset" 434
"../../../Mice/Content/Blueprints/FogOfWar/BPFogOfWarManager.uasset" 435
"../../../Mice/Content/Blueprints/Landscape.uasset" 436
"../../../Mice/Content/Blueprints/NewSpectatorPawn.uasset" 437
"../../../Mice/Content/Blueprints/Online/BPGameMode.uasset" 438
"../../../Mice/Content/Blueprints/Player/PlayerCamera.uasset" 439
"../../../Mice/Content/Blueprints/Online/TurnBased.uasset" 440
"../../../Mice/Content/Texture/foliage.uasset" 441
"../../../Mice/Content/Materials/Grass/M_Grass.uasset" 442
"../../../Mice/Content/Materials/Grass/M_Grass_Inst.uasset" 443
"../../../Mice/Content/Mesh/grass.uasset" 444
"../../../Mice/Content/foliage/Grass.uasset" 445
"../../../Mice/Content/Materials/MRock.uasset" 446
"../../../Mice/Content/Materials/MRock_Inst.uasset" 447
"../../../Mice/Content/Mesh/rock1.uasset" 448
"../../../Mice/Content/foliage/rock1.uasset" 449
"../../../Mice/Content/Mesh/rock2.uasset" 450
"../../../Mice/Content/foliage/rock2.uasset" 451
"../../../Mice/Content/Mesh/rock3.uasset" 452
"../../../Mice/Content/foliage/rock3.uasset" 453
"../../../Mice/Content/Maps/GameLevel_sharedassets/Dirt_LayerInfo.uasset" 454
"../../../Mice/Content/Maps/GameLevel_sharedassets/Grass_LayerInfo.uasset" 455
"../../../Mice/Content/Maps/GameLevel_BuiltData.uasset" 456
"../../../Mice/Content/Materials/landscapeMaterial.uasset" 457
"../../../Mice/Content/Materials/landscapeInst.uasset" 458
"../../../Mice/Content/Materials/water.uasset" 459
"../../../Mice/Content/Materials/water_Inst.uasset" 460
"../../../Engine/Content/EngineMaterials/DefaultPhysicalMaterial.uasset" 461
"../../../Mice/Content/Materials/substance/Bridge.uasset" 462
"../../../Mice/Content/Materials/substance/Bridge_INST.uasset" 463
"../../../Mice/Content/Materials/substance/Bridge_INST_AO.uasset" 464
"../../../Mice/Content/Materials/substance/Bridge_INST_basecolor.uasset" 465
"../../../Mice/Content/Materials/substance/Bridge_INST_metallic.uasset" 466
"../../../Mice/Content/Materials/substance/Bridge_INST_normal.uasset" 467
"../../../Mice/Content/Materials/substance/Bridge_INST_roughness.uasset" 468
"../../../Mice/Content/Materials/substance/Bridge_MAT.uasset" 469
"../../../Mice/Content/Mesh/bridge_low.uasset" 470
"../../../Mice/Content/Maps/GameLevel.umap" 471
"../../../Mice/Content/Blueprints/HUD/MenuGameMode.uasset" 472
"../../../Mice/Content/rock.uasset" 473
"../../../Mice/Content/Maps/MainMenu_BuiltData.uasset" 474
"../../../Mice/Content/Blueprints/HUD/MainMenu.uasset" 475
"../../../Mice/Content/Maps/MainMenu.umap" 476
"../../../Mice/Content/Maps/TestLevel_BuiltData.uasset" 477
"../../../Mice/Content/Maps/TestLevel.umap" 478
"../../../Mice/Content/Blueprints/BPIdleMarker.uasset" 479
"../../../Mice/Content/Blueprints/Online/WaitingGameMode.uasset" 480
"../../../Mice/Content/Maps/WaitingRoom_BuiltData.uasset" 481
"../../../Mice/Content/Maps/WaitingRoom.umap" 482
